/*Usage.log file write by Chinafish.*/

程序启动时间: 2011-10-21 17:08:22
总计物理内存: 3326MB
剩余物理内存: 2418MB
物理内存使用: 27%
CPU(0)使用率: 0%
程序结束时间: 2011-10-21 17:08:24

程序启动时间: 2011-10-21 17:08:37
总计物理内存: 3326MB
剩余物理内存: 2423MB
物理内存使用: 27%
CPU(0)使用率: 0%
程序结束时间: 2011-10-21 17:08:38

程序启动时间: 2011-10-21 17:09:24
总计物理内存: 3326MB
剩余物理内存: 2420MB
物理内存使用: 27%
CPU(0)使用率: 0%
程序结束时间: 2011-10-21 17:09:25

程序启动时间: 2011-10-21 17:09:38
总计物理内存: 3326MB
剩余物理内存: 2420MB
物理内存使用: 27%
CPU(0)使用率: 0%
程序结束时间: 2011-10-21 17:09:39

程序启动时间: 2011-10-21 17:09:40
总计物理内存: 3326MB
剩余物理内存: 2417MB
物理内存使用: 27%
CPU(0)使用率: 0%
程序结束时间: 2011-10-21 17:09:41

程序启动时间: 2011-10-21 17:10:25
总计物理内存: 3326MB
剩余物理内存: 2417MB
物理内存使用: 27%
CPU(0)使用率: 0%
程序结束时间: 2011-10-21 17:10:26

程序启动时间: 2011-10-21 17:10:39
总计物理内存: 3326MB
剩余物理内存: 2409MB
物理内存使用: 28%
CPU(0)使用率: 0%
程序结束时间: 2011-10-21 17:10:40

程序启动时间: 2011-10-21 17:10:41
总计物理内存: 3326MB
剩余物理内存: 2409MB
物理内存使用: 28%
CPU(0)使用率: 0%
程序结束时间: 2011-10-21 17:10:42

程序启动时间: 2011-10-21 17:11:26
总计物理内存: 3326MB
剩余物理内存: 2414MB
物理内存使用: 27%
CPU(0)使用率: 7%
程序结束时间: 2011-10-21 17:11:27

程序启动时间: 2011-10-21 17:11:40
总计物理内存: 3326MB
剩余物理内存: 2408MB
物理内存使用: 28%
CPU(0)使用率: 4%
程序结束时间: 2011-10-21 17:11:41

程序启动时间: 2011-10-21 17:11:42
总计物理内存: 3326MB
剩余物理内存: 2408MB
物理内存使用: 28%
CPU(0)使用率: 0%
程序结束时间: 2011-10-21 17:11:43

程序启动时间: 2011-10-21 17:12:27
总计物理内存: 3326MB
剩余物理内存: 2405MB
物理内存使用: 28%
CPU(0)使用率: 0%
程序结束时间: 2011-10-21 17:12:28

程序启动时间: 2011-10-21 17:12:41
总计物理内存: 3326MB
剩余物理内存: 2406MB
物理内存使用: 28%
CPU(0)使用率: 0%
程序结束时间: 2011-10-21 17:12:42

程序启动时间: 2011-10-21 17:12:43
总计物理内存: 3326MB
剩余物理内存: 2404MB
物理内存使用: 28%
CPU(0)使用率: 2%
程序结束时间: 2011-10-21 17:12:44

程序启动时间: 2011-10-21 17:13:28
总计物理内存: 3326MB
剩余物理内存: 2414MB
物理内存使用: 27%
CPU(0)使用率: 0%
程序结束时间: 2011-10-21 17:13:29

程序启动时间: 2011-10-21 17:13:42
总计物理内存: 3326MB
剩余物理内存: 2415MB
物理内存使用: 27%
CPU(0)使用率: 0%
程序结束时间: 2011-10-21 17:13:43

程序启动时间: 2011-10-21 17:13:44
总计物理内存: 3326MB
剩余物理内存: 2415MB
物理内存使用: 27%
CPU(0)使用率: 0%
程序结束时间: 2011-10-21 17:13:45

程序启动时间: 2011-10-21 17:14:29
总计物理内存: 3326MB
剩余物理内存: 2419MB
物理内存使用: 27%
CPU(0)使用率: 19%
程序结束时间: 2011-10-21 17:14:30

程序启动时间: 2011-10-21 17:14:43
总计物理内存: 3326MB
剩余物理内存: 2418MB
物理内存使用: 27%
CPU(0)使用率: 4%
程序结束时间: 2011-10-21 17:14:44

程序启动时间: 2011-10-21 17:14:45
总计物理内存: 3326MB
剩余物理内存: 2419MB
物理内存使用: 27%
CPU(0)使用率: 0%
程序结束时间: 2011-10-21 17:14:46

程序启动时间: 2011-10-21 17:15:30
总计物理内存: 3326MB
剩余物理内存: 2418MB
物理内存使用: 27%
CPU(0)使用率: 0%
程序结束时间: 2011-10-21 17:15:31

程序启动时间: 2011-10-21 17:15:44
总计物理内存: 3326MB
剩余物理内存: 2419MB
物理内存使用: 27%
CPU(0)使用率: 7%
程序结束时间: 2011-10-21 17:15:45

程序启动时间: 2011-10-21 17:15:46
总计物理内存: 3326MB
剩余物理内存: 2416MB
物理内存使用: 27%
CPU(0)使用率: 0%
程序结束时间: 2011-10-21 17:15:47

程序启动时间: 2011-10-21 17:16:31
总计物理内存: 3326MB
剩余物理内存: 2385MB
物理内存使用: 28%
CPU(0)使用率: 0%
程序结束时间: 2011-10-21 17:16:32

程序启动时间: 2011-10-21 17:16:45
总计物理内存: 3326MB
剩余物理内存: 2383MB
物理内存使用: 28%
CPU(0)使用率: 2%
程序结束时间: 2011-10-21 17:16:46

程序启动时间: 2011-10-21 17:16:48
总计物理内存: 3326MB
剩余物理内存: 2383MB
物理内存使用: 28%
CPU(0)使用率: 0%
程序结束时间: 2011-10-21 17:16:49

程序启动时间: 2011-10-21 17:17:32
总计物理内存: 3326MB
剩余物理内存: 2406MB
物理内存使用: 28%
CPU(0)使用率: 2%
程序结束时间: 2011-10-21 17:17:33

程序启动时间: 2011-10-21 17:17:46
总计物理内存: 3326MB
剩余物理内存: 2413MB
物理内存使用: 27%
CPU(0)使用率: 2%
程序结束时间: 2011-10-21 17:17:47

程序启动时间: 2011-10-21 17:17:49
总计物理内存: 3326MB
剩余物理内存: 2414MB
物理内存使用: 27%
CPU(0)使用率: 0%
程序结束时间: 2011-10-21 17:17:50

程序启动时间: 2011-10-21 17:18:33
总计物理内存: 3326MB
剩余物理内存: 2410MB
物理内存使用: 28%
CPU(0)使用率: 5%
程序结束时间: 2011-10-21 17:18:34

程序启动时间: 2011-10-21 17:18:47
总计物理内存: 3326MB
剩余物理内存: 2408MB
物理内存使用: 28%
CPU(0)使用率: 0%
程序结束时间: 2011-10-21 17:18:48

程序启动时间: 2011-10-21 17:18:50
总计物理内存: 3326MB
剩余物理内存: 2408MB
物理内存使用: 28%
CPU(0)使用率: 2%
程序结束时间: 2011-10-21 17:18:51

程序启动时间: 2011-10-21 17:19:34
总计物理内存: 3326MB
剩余物理内存: 2409MB
物理内存使用: 28%
CPU(0)使用率: 2%
程序结束时间: 2011-10-21 17:19:35

程序启动时间: 2011-10-21 17:19:48
总计物理内存: 3326MB
剩余物理内存: 2409MB
物理内存使用: 28%
CPU(0)使用率: 7%
程序结束时间: 2011-10-21 17:19:49

程序启动时间: 2011-10-21 17:19:51
总计物理内存: 3326MB
剩余物理内存: 2409MB
物理内存使用: 28%
CPU(0)使用率: 0%
程序结束时间: 2011-10-21 17:19:52

程序启动时间: 2011-10-21 17:20:35
总计物理内存: 3326MB
剩余物理内存: 2403MB
物理内存使用: 28%
CPU(0)使用率: 0%
程序结束时间: 2011-10-21 17:20:36

程序启动时间: 2011-10-21 17:20:49
总计物理内存: 3326MB
剩余物理内存: 2407MB
物理内存使用: 28%
CPU(0)使用率: 4%
程序结束时间: 2011-10-21 17:20:50

程序启动时间: 2011-10-21 17:20:52
总计物理内存: 3326MB
剩余物理内存: 2406MB
物理内存使用: 28%
CPU(0)使用率: 0%
程序结束时间: 2011-10-21 17:20:53

程序启动时间: 2011-10-21 17:21:36
总计物理内存: 3326MB
剩余物理内存: 2407MB
物理内存使用: 28%
CPU(0)使用率: 0%
程序结束时间: 2011-10-21 17:21:37

程序启动时间: 2011-10-21 17:21:50
总计物理内存: 3326MB
剩余物理内存: 2407MB
物理内存使用: 28%
CPU(0)使用率: 0%
程序结束时间: 2011-10-21 17:21:51

程序启动时间: 2011-10-21 17:21:53
总计物理内存: 3326MB
剩余物理内存: 2407MB
物理内存使用: 28%
CPU(0)使用率: 0%
程序结束时间: 2011-10-21 17:21:54

程序启动时间: 2011-10-21 17:22:37
总计物理内存: 3326MB
剩余物理内存: 2394MB
物理内存使用: 28%
CPU(0)使用率: 0%
程序结束时间: 2011-10-21 17:22:38

程序启动时间: 2011-10-21 17:22:51
总计物理内存: 3326MB
剩余物理内存: 2396MB
物理内存使用: 28%
CPU(0)使用率: 0%
程序结束时间: 2011-10-21 17:22:52

程序启动时间: 2011-10-21 17:22:54
总计物理内存: 3326MB
剩余物理内存: 2396MB
物理内存使用: 28%
CPU(0)使用率: 0%
程序结束时间: 2011-10-21 17:22:55

程序启动时间: 2011-10-21 17:23:38
总计物理内存: 3326MB
剩余物理内存: 2396MB
物理内存使用: 28%
CPU(0)使用率: 0%
程序结束时间: 2011-10-21 17:23:39

程序启动时间: 2011-10-21 17:23:52
总计物理内存: 3326MB
剩余物理内存: 2380MB
物理内存使用: 28%
CPU(0)使用率: 0%
程序结束时间: 2011-10-21 17:23:53

程序启动时间: 2011-10-21 17:23:55
总计物理内存: 3326MB
剩余物理内存: 2380MB
物理内存使用: 28%
CPU(0)使用率: 0%
程序结束时间: 2011-10-21 17:23:56

程序启动时间: 2011-10-21 17:24:39
总计物理内存: 3326MB
剩余物理内存: 2399MB
物理内存使用: 28%
CPU(0)使用率: 0%
程序结束时间: 2011-10-21 17:24:40

程序启动时间: 2011-10-21 17:24:53
总计物理内存: 3326MB
剩余物理内存: 2398MB
物理内存使用: 28%
CPU(0)使用率: 0%
程序结束时间: 2011-10-21 17:24:54

程序启动时间: 2011-10-21 17:24:56
总计物理内存: 3326MB
剩余物理内存: 2398MB
物理内存使用: 28%
CPU(0)使用率: 0%
程序结束时间: 2011-10-21 17:24:57

程序启动时间: 2011-10-21 17:25:40
总计物理内存: 3326MB
剩余物理内存: 2378MB
物理内存使用: 29%
CPU(0)使用率: 0%
程序结束时间: 2011-10-21 17:25:41

程序启动时间: 2011-10-21 17:25:54
总计物理内存: 3326MB
剩余物理内存: 2377MB
物理内存使用: 29%
CPU(0)使用率: 0%
程序结束时间: 2011-10-21 17:25:56

程序启动时间: 2011-10-21 17:25:57
总计物理内存: 3326MB
剩余物理内存: 2377MB
物理内存使用: 29%
CPU(0)使用率: 2%
程序结束时间: 2011-10-21 17:25:58

程序启动时间: 2011-10-21 17:26:41
总计物理内存: 3326MB
剩余物理内存: 2383MB
物理内存使用: 28%
CPU(0)使用率: 7%
程序结束时间: 2011-10-21 17:26:42

程序启动时间: 2011-10-21 17:26:56
总计物理内存: 3326MB
剩余物理内存: 2402MB
物理内存使用: 28%
CPU(0)使用率: 2%
程序结束时间: 2011-10-21 17:26:57

程序启动时间: 2011-10-21 17:26:58
总计物理内存: 3326MB
剩余物理内存: 2399MB
物理内存使用: 28%
CPU(0)使用率: 0%
程序结束时间: 2011-10-21 17:26:59

程序启动时间: 2011-10-21 17:27:42
总计物理内存: 3326MB
剩余物理内存: 2387MB
物理内存使用: 28%
CPU(0)使用率: 0%
程序结束时间: 2011-10-21 17:27:43

程序启动时间: 2011-10-21 17:27:57
总计物理内存: 3326MB
剩余物理内存: 2410MB
物理内存使用: 28%
CPU(0)使用率: 0%
程序结束时间: 2011-10-21 17:27:58

程序启动时间: 2011-10-21 17:27:59
总计物理内存: 3326MB
剩余物理内存: 2411MB
物理内存使用: 28%
CPU(0)使用率: 0%
程序结束时间: 2011-10-21 17:28:00

程序启动时间: 2011-10-21 17:28:43
总计物理内存: 3326MB
剩余物理内存: 2423MB
物理内存使用: 27%
CPU(0)使用率: 11%
程序结束时间: 2011-10-21 17:28:44

程序启动时间: 2011-10-21 17:28:58
总计物理内存: 3326MB
剩余物理内存: 2424MB
物理内存使用: 27%
CPU(0)使用率: 0%
程序结束时间: 2011-10-21 17:28:59

程序启动时间: 2011-10-21 17:29:00
总计物理内存: 3326MB
剩余物理内存: 2423MB
物理内存使用: 27%
CPU(0)使用率: 0%
程序结束时间: 2011-10-21 17:29:01

程序启动时间: 2011-10-21 17:29:44
总计物理内存: 3326MB
剩余物理内存: 2412MB
物理内存使用: 27%
CPU(0)使用率: 0%
程序结束时间: 2011-10-21 17:29:45

程序启动时间: 2011-10-21 17:29:59
总计物理内存: 3326MB
剩余物理内存: 2410MB
物理内存使用: 28%
CPU(0)使用率: 0%
程序结束时间: 2011-10-21 17:30:00

程序启动时间: 2011-10-21 17:30:01
总计物理内存: 3326MB
剩余物理内存: 2412MB
物理内存使用: 27%
CPU(0)使用率: 0%
程序结束时间: 2011-10-21 17:30:02

程序启动时间: 2011-10-21 17:30:45
总计物理内存: 3326MB
剩余物理内存: 2423MB
物理内存使用: 27%
CPU(0)使用率: 0%
程序结束时间: 2011-10-21 17:30:46

程序启动时间: 2011-10-21 17:31:00
总计物理内存: 3326MB
剩余物理内存: 2470MB
物理内存使用: 26%
CPU(0)使用率: 16%
程序结束时间: 2011-10-21 17:31:01

程序启动时间: 2011-10-21 17:31:02
总计物理内存: 3326MB
剩余物理内存: 2454MB
物理内存使用: 26%
CPU(0)使用率: 2%
程序结束时间: 2011-10-21 17:31:03

程序启动时间: 2011-10-21 17:31:46
总计物理内存: 3326MB
剩余物理内存: 2473MB
物理内存使用: 26%
CPU(0)使用率: 0%
程序结束时间: 2011-10-21 17:31:48

程序启动时间: 2011-10-21 17:32:01
总计物理内存: 3326MB
剩余物理内存: 2438MB
物理内存使用: 27%
CPU(0)使用率: 8%
程序结束时间: 2011-10-21 17:32:02

程序启动时间: 2011-10-21 17:32:03
总计物理内存: 3326MB
剩余物理内存: 2437MB
物理内存使用: 27%
CPU(0)使用率: 4%
程序结束时间: 2011-10-21 17:32:04

程序启动时间: 2011-10-21 17:32:48
总计物理内存: 3326MB
剩余物理内存: 2477MB
物理内存使用: 26%
CPU(0)使用率: 0%
程序结束时间: 2011-10-21 17:32:49

程序启动时间: 2011-10-21 17:33:02
总计物理内存: 3326MB
剩余物理内存: 2477MB
物理内存使用: 26%
CPU(0)使用率: 0%
程序结束时间: 2011-10-21 17:33:03

程序启动时间: 2011-10-21 17:33:04
总计物理内存: 3326MB
剩余物理内存: 2477MB
物理内存使用: 26%
CPU(0)使用率: 0%
程序结束时间: 2011-10-21 17:33:05

程序启动时间: 2011-10-21 17:33:49
总计物理内存: 3326MB
剩余物理内存: 2464MB
物理内存使用: 26%
CPU(0)使用率: 0%
程序结束时间: 2011-10-21 17:33:50

程序启动时间: 2011-10-21 17:34:03
总计物理内存: 3326MB
剩余物理内存: 2463MB
物理内存使用: 26%
CPU(0)使用率: 0%
程序结束时间: 2011-10-21 17:34:04

程序启动时间: 2011-10-21 17:34:05
总计物理内存: 3326MB
剩余物理内存: 2463MB
物理内存使用: 26%
CPU(0)使用率: 0%
程序结束时间: 2011-10-21 17:34:06

程序启动时间: 2011-10-21 17:34:50
总计物理内存: 3326MB
剩余物理内存: 2462MB
物理内存使用: 26%
CPU(0)使用率: 0%
程序结束时间: 2011-10-21 17:34:51

程序启动时间: 2011-10-21 17:35:05
总计物理内存: 3326MB
剩余物理内存: 2627MB
物理内存使用: 21%
